Using pre-set license
Built from '2020.3/staging' branch; Version is '2020.3.3f1 (76626098c1c4) revision 7758432'; Using compiler version '192528614'; Build Type 'Release'
OS: 'Windows 10 Pro; OS build 19043.1023; Version 2009; 64bit' Language: 'en' Physical Memory: 8047 MB
BatchMode: 1, IsHumanControllingUs: 0, StartBugReporterOnCrash: 0, Is64bit: 1, IsPro: 0

 COMMAND LINE ARGUMENTS:
D:\unity fullversion\Editor\Unity.exe
-adb2
-batchMode
-noUpm
-name
AssetImportWorker0
-projectPath
E:/game-group/2D game ( group project )
-logFile
Logs/AssetImportWorker0.log
-srvPort
64167
Successfully changed project path to: E:/game-group/2D game ( group project )
E:/game-group/2D game ( group project )
Using Asset Import Pipeline V2.
Refreshing native plugins compatible for Editor in 50.36 ms, found 2 plugins.
Preloading 0 native plugins for Editor in 0.00 ms.
Initialize engine version: 2020.3.3f1 (76626098c1c4)
[Subsystems] Discovering subsystems at path D:/unity fullversion/Editor/Data/Resources/UnitySubsystems
[Subsystems] Discovering subsystems at path E:/game-group/2D game ( group project )/Assets
GfxDevice: creating device client; threaded=0
Direct3D:
    Version:  Direct3D 11.0 [level 11.1]
    Renderer: NVIDIA GeForce GTX 1050 (ID=0x1c81)
    Vendor:   
    VRAM:     1977 MB
    Driver:   27.21.14.6647
Initialize mono
Mono path[0] = 'D:/unity fullversion/Editor/Data/Managed'
Mono path[1] = 'D:/unity fullversion/Editor/Data/MonoBleedingEdge/lib/mono/unityjit'
Mono config path = 'D:/unity fullversion/Editor/Data/MonoBleedingEdge/etc'
Using monoOptions --debugger-agent=transport=dt_socket,embedding=1,server=y,suspend=n,address=127.0.0.1:56084
Begin MonoManager ReloadAssembly
Registering precompiled unity dll's ...
Register platform support module: D:/unity fullversion/Editor/Data/PlaybackEngines/WindowsStandaloneSupport/UnityEditor.WindowsStandalone.Extensions.dll
Registered in 0.001486 seconds.
Native extension for WindowsStandalone target not found
Refreshing native plugins compatible for Editor in 28.13 ms, found 2 plugins.
Preloading 0 native plugins for Editor in 0.00 ms.
Invoked RoslynAnalysisRunner static constructor.
RoslynAnalysisRunner will not be running.
RoslynAnalysisRunner has terminated.
Mono: successfully reloaded assembly
- Completed reload, in  0.895 seconds
Platform modules already initialized, skipping
Registering precompiled user dll's ...
Registered in 0.002796 seconds.
Begin MonoManager ReloadAssembly
Native extension for WindowsStandalone target not found
Refreshing native plugins compatible for Editor in 0.50 ms, found 2 plugins.
Preloading 0 native plugins for Editor in 0.00 ms.
Invoked RoslynAnalysisRunner static constructor.
RoslynAnalysisRunner will not be running.
RoslynAnalysisRunner has terminated.
Mono: successfully reloaded assembly
- Completed reload, in  0.977 seconds
Platform modules already initialized, skipping
========================================================================
Worker process is ready to serve import requests
Launched and connected shader compiler UnityShaderCompiler.exe after 0.04 seconds
Refreshing native plugins compatible for Editor in 0.39 ms, found 2 plugins.
Preloading 0 native plugins for Editor in 0.00 ms.
Unloading 1446 Unused Serialized files (Serialized files now loaded: 0)
System memory in use before: 68.3 MB.
System memory in use after: 68.3 MB.

Unloading 19 unused Assets to reduce memory usage. Loaded Objects now: 1880.
Total: 2.614100 ms (FindLiveObjects: 0.214900 ms CreateObjectMapping: 0.164500 ms MarkObjects: 2.121100 ms  DeleteObjects: 0.112900 ms)

========================================================================
Received Import Request.
  path: Assets/class/_scenes/istockphoto-873671050-612x612.jpg
  artifactKey: Guid(9002041a415b3244f8dbce94106f6249) Importer(815301076,1909f56bfc062723c751e8b465ee728b)
Start importing Assets/class/_scenes/istockphoto-873671050-612x612.jpg using Guid(9002041a415b3244f8dbce94106f6249) Importer(815301076,1909f56bfc062723c751e8b465ee728b)  -> (artifact id: '56e5799e1c6b5e7c4f7282ed695401cc') in 0.211722 seconds
  Import took 0.215177 seconds .

========================================================================
Received Import Request.
  Time since last request: 11.478555 seconds.
  path: Assets/class/_resources_data/istockphoto-873671050-612x612.jpg
  artifactKey: Guid(e8e231acd6e86f048b8ba2fb4f94a539) Importer(815301076,1909f56bfc062723c751e8b465ee728b)
Start importing Assets/class/_resources_data/istockphoto-873671050-612x612.jpg using Guid(e8e231acd6e86f048b8ba2fb4f94a539) Importer(815301076,1909f56bfc062723c751e8b465ee728b)  -> (artifact id: 'b68f28076a7bc37d8941538fd78e5bc1') in 0.015143 seconds
  Import took 0.018788 seconds .

========================================================================
Received Import Request.
  Time since last request: 0.000310 seconds.
  path: Assets/class/_resources_data/istockphoto-1168452795-612x612.jpg
  artifactKey: Guid(4a65b90e04b1a0e43bf01a20d1079e4d) Importer(815301076,1909f56bfc062723c751e8b465ee728b)
Start importing Assets/class/_resources_data/istockphoto-1168452795-612x612.jpg using Guid(4a65b90e04b1a0e43bf01a20d1079e4d) Importer(815301076,1909f56bfc062723c751e8b465ee728b)  -> (artifact id: '1dae89743c9213151d8a089ddcfe5f91') in 0.016948 seconds
  Import took 0.020142 seconds .

========================================================================
Received Import Request.
  Time since last request: 0.000905 seconds.
  path: Assets/class/_resources_data/istockphoto-1168452795-612x612.jpg
  artifactKey: Guid(4a65b90e04b1a0e43bf01a20d1079e4d) Importer(815301076,1909f56bfc062723c751e8b465ee728b)
Start importing Assets/class/_resources_data/istockphoto-1168452795-612x612.jpg using Guid(4a65b90e04b1a0e43bf01a20d1079e4d) Importer(815301076,1909f56bfc062723c751e8b465ee728b)  -> (artifact id: '1dae89743c9213151d8a089ddcfe5f91') in 0.025862 seconds
  Import took 0.029119 seconds .

========================================================================
Received Import Request.
  Time since last request: 9.702858 seconds.
  path: Assets/class/_resources_data/istockphoto-873671050-612x612.jpg
  artifactKey: Guid(e8e231acd6e86f048b8ba2fb4f94a539) Importer(815301076,1909f56bfc062723c751e8b465ee728b)
Start importing Assets/class/_resources_data/istockphoto-873671050-612x612.jpg using Guid(e8e231acd6e86f048b8ba2fb4f94a539) Importer(815301076,1909f56bfc062723c751e8b465ee728b)  -> (artifact id: '218ef76caee1e6b6529ba74409327592') in 0.095024 seconds
  Import took 0.098707 seconds .

========================================================================
Received Import Request.
  Time since last request: 4.446984 seconds.
  path: Assets/class/_resources_data/istockphoto-873671050-612x612.jpg
  artifactKey: Guid(e8e231acd6e86f048b8ba2fb4f94a539) Importer(815301076,1909f56bfc062723c751e8b465ee728b)
Start importing Assets/class/_resources_data/istockphoto-873671050-612x612.jpg using Guid(e8e231acd6e86f048b8ba2fb4f94a539) Importer(815301076,1909f56bfc062723c751e8b465ee728b)  -> (artifact id: '669f35047d8abf77126d341626450467') in 0.022153 seconds
  Import took 0.025326 seconds .

========================================================================
Received Import Request.
  Time since last request: 176.927793 seconds.
  path: Assets/class/_resources_data/istockphoto-873671050-612x612.png
  artifactKey: Guid(f1f61945a039f624babc17df2d1023d4) Importer(815301076,1909f56bfc062723c751e8b465ee728b)
Start importing Assets/class/_resources_data/istockphoto-873671050-612x612.png using Guid(f1f61945a039f624babc17df2d1023d4) Importer(815301076,1909f56bfc062723c751e8b465ee728b)  -> (artifact id: '8ed4f671cfa9d785d038cf615fb55b14') in 0.014820 seconds
  Import took 0.019168 seconds .

========================================================================
Received Import Request.
  Time since last request: 0.000283 seconds.
  path: Assets/class/_resources_data/istockphoto-1168452795-612x612.png
  artifactKey: Guid(188ba04edf1ace149a776e61ae13984d) Importer(815301076,1909f56bfc062723c751e8b465ee728b)
Start importing Assets/class/_resources_data/istockphoto-1168452795-612x612.png using Guid(188ba04edf1ace149a776e61ae13984d) Importer(815301076,1909f56bfc062723c751e8b465ee728b)  -> (artifact id: 'd131607e03cfb4f7bf9a60ba4cadd5d8') in 0.016478 seconds
  Import took 0.018933 seconds .

========================================================================
Received Import Request.
  Time since last request: 6.733937 seconds.
  path: Assets/class/_resources_data/istockphoto-873671050-612x612.png
  artifactKey: Guid(f1f61945a039f624babc17df2d1023d4) Importer(815301076,1909f56bfc062723c751e8b465ee728b)
Start importing Assets/class/_resources_data/istockphoto-873671050-612x612.png using Guid(f1f61945a039f624babc17df2d1023d4) Importer(815301076,1909f56bfc062723c751e8b465ee728b)  -> (artifact id: '96846bfd2bdcd96dbaa1bda0722c1e73') in 0.017883 seconds
  Import took 0.021083 seconds .

========================================================================
Received Import Request.
  Time since last request: 27.228673 seconds.
  path: Assets/class/_resources_data/istockphoto-873671050-612x612.png
  artifactKey: Guid(f1f61945a039f624babc17df2d1023d4) Importer(815301076,1909f56bfc062723c751e8b465ee728b)
Start importing Assets/class/_resources_data/istockphoto-873671050-612x612.png using Guid(f1f61945a039f624babc17df2d1023d4) Importer(815301076,1909f56bfc062723c751e8b465ee728b)  -> (artifact id: '6d76dc00eaca34f248b1c0ccd8c02432') in 0.043309 seconds
  Import took 0.046952 seconds .

========================================================================
Received Import Request.
  Time since last request: 742.577334 seconds.
  path: Assets/class/_resources_data/istockphoto-1168452795-612x612.png
  artifactKey: Guid(188ba04edf1ace149a776e61ae13984d) Importer(815301076,1909f56bfc062723c751e8b465ee728b)
Start importing Assets/class/_resources_data/istockphoto-1168452795-612x612.png using Guid(188ba04edf1ace149a776e61ae13984d) Importer(815301076,1909f56bfc062723c751e8b465ee728b)  -> (artifact id: '8b3abca6a3600c5b66915ca108ebc939') in 0.021948 seconds
  Import took 0.026524 seconds .

========================================================================
Received Import Request.
  Time since last request: 0.004716 seconds.
  path: Assets/class/_resources_data/istockphoto-1168452795-612x612.png
  artifactKey: Guid(188ba04edf1ace149a776e61ae13984d) Importer(815301076,1909f56bfc062723c751e8b465ee728b)
Start importing Assets/class/_resources_data/istockphoto-1168452795-612x612.png using Guid(188ba04edf1ace149a776e61ae13984d) Importer(815301076,1909f56bfc062723c751e8b465ee728b)  -> (artifact id: '8b3abca6a3600c5b66915ca108ebc939') in 0.018146 seconds
  Import took 0.021763 seconds .

========================================================================
Received Import Request.
  Time since last request: 6.376716 seconds.
  path: Assets/class/_resources_data/istockphoto-1168452795-612x612.png
  artifactKey: Guid(188ba04edf1ace149a776e61ae13984d) Importer(815301076,1909f56bfc062723c751e8b465ee728b)
Start importing Assets/class/_resources_data/istockphoto-1168452795-612x612.png using Guid(188ba04edf1ace149a776e61ae13984d) Importer(815301076,1909f56bfc062723c751e8b465ee728b)  -> (artifact id: '8785449ae7f9bce1fa16c3d7a48c4322') in 0.057666 seconds
  Import took 0.061231 seconds .

AssetImportWorkerClient::OnTransportError - code=2 error=End of file
